生成启动时间为 2012/3/4 23:15:08。
     1>项目“C:\Users\User\ctp-auto-trading\ctp-auto-trading.vcxproj”在节点 2 上(build 个目标)。
     1>InitializeBuildStatus:
         正在对“Debug\ctp-auto-trading.unsuccessfulbuild”执行 Touch 任务。
       ClCompile:
         c:\Program Files (x86)\Microsoft Visual Studio 10.0\VC\bin\CL.exe /c /ZI /nologo /W3 /WX- /Od /Oy- /D WIN32 /D _DEBUG /D _CONSOLE /D _UNICODE /D UNICODE /Gm /EHsc /RTC1 /MDd /GS /fp:precise /Zc:wchar_t /Zc:forScope /Fo"Debug\\" /Fd"Debug\vc100.pdb" /Gd /TP /analyze- /errorReport:prompt main.cpp
         main.cpp
     1>c:\users\user\ctp-auto-trading\main.cpp(33): warning C4996: 'strcpy': This function or variable may be unsafe. Consider using strcpy_s instead. To disable deprecation, use _CRT_SECURE_NO_WARNINGS. See online help for details.
                 c:\program files (x86)\microsoft visual studio 10.0\vc\include\string.h(105) : 参见“strcpy”的声明
       ManifestResourceCompile:
         所有输出均为最新。
       Link:
         c:\Program Files (x86)\Microsoft Visual Studio 10.0\VC\bin\link.exe /ERRORREPORT:PROMPT /OUT:"C:\Users\User\ctp-auto-trading\Debug\ctp-auto-trading.exe" /INCREMENTAL /NOLOGO kernel32.lib user32.lib gdi32.lib winspool.lib comdlg32.lib advapi32.lib shell32.lib ole32.lib oleaut32.lib uuid.lib odbc32.lib odbccp32.lib /MANIFEST /ManifestFile:"Debug\ctp-auto-trading.exe.intermediate.manifest" /MANIFESTUAC:"level='asInvoker' uiAccess='false'" /DEBUG /PDB:"C:\Users\User\ctp-auto-trading\Debug\ctp-auto-trading.pdb" /SUBSYSTEM:CONSOLE /TLBID:1 /DYNAMICBASE /NXCOMPAT /IMPLIB:"C:\Users\User\ctp-auto-trading\Debug\ctp-auto-trading.lib" /MACHINE:X86 "Debug\ctp-auto-trading.exe.embed.manifest.res"
         Debug\main.obj
         Debug\utils.obj
       Manifest:
         C:\Program Files (x86)\Microsoft SDKs\Windows\v7.0A\bin\mt.exe /nologo /verbose /out:"Debug\ctp-auto-trading.exe.embed.manifest" /manifest "Debug\ctp-auto-trading.exe.intermediate.manifest"
         所有输出均为最新。
       LinkEmbedManifest:
         所有输出均为最新。
         ctp-auto-trading.vcxproj -> C:\Users\User\ctp-auto-trading\Debug\ctp-auto-trading.exe
       FinalizeBuildStatus:
         正在删除文件“Debug\ctp-auto-trading.unsuccessfulbuild”。
         正在对“Debug\ctp-auto-trading.lastbuildstate”执行 Touch 任务。
     1>已完成生成项目“C:\Users\User\ctp-auto-trading\ctp-auto-trading.vcxproj”(build 个目标)的操作。

生成成功。

已用时间 00:00:01.51
