C:\USERS\USER\CTP-AUTO-TRADING\BIN\CTP-AUTO-TRADING.EXE
C:\USERS\USER\CTP-AUTO-TRADING\BIN\CTP-AUTO-TRADING.ILK
C:\USERS\USER\CTP-AUTO-TRADING\BIN\CTP-AUTO-TRADING.PDB
C:\Users\User\ctp-auto-trading\Debug\cl.command.1.tlog
C:\Users\User\ctp-auto-trading\Debug\CL.read.1.tlog
C:\Users\User\ctp-auto-trading\Debug\CL.write.1.tlog
C:\USERS\USER\CTP-AUTO-TRADING\DEBUG\CTP-AUTO-TRADING.EXE.EMBED.MANIFEST
C:\USERS\USER\CTP-AUTO-TRADING\DEBUG\CTP-AUTO-TRADING.EXE.EMBED.MANIFEST.RES
C:\USERS\USER\CTP-AUTO-TRADING\DEBUG\CTP-AUTO-TRADING.EXE.INTERMEDIATE.MANIFEST
C:\Users\User\ctp-auto-trading\Debug\ctp-auto-trading_manifest.rc
C:\Users\User\ctp-auto-trading\Debug\link.108.read.1.tlog
C:\Users\User\ctp-auto-trading\Debug\link.108.write.1.tlog
C:\Users\User\ctp-auto-trading\Debug\link.108-cvtres.read.1.tlog
C:\Users\User\ctp-auto-trading\Debug\link.108-cvtres.write.1.tlog
C:\Users\User\ctp-auto-trading\Debug\link.command.1.tlog
C:\Users\User\ctp-auto-trading\Debug\link.read.1.tlog
C:\Users\User\ctp-auto-trading\Debug\link.write.1.tlog
C:\Users\User\ctp-auto-trading\Debug\link-cvtres.read.1.tlog
C:\Users\User\ctp-auto-trading\Debug\link-cvtres.write.1.tlog
C:\USERS\USER\CTP-AUTO-TRADING\DEBUG\MAIN.OBJ
C:\Users\User\ctp-auto-trading\Debug\mt.command.1.tlog
C:\Users\User\ctp-auto-trading\Debug\mt.read.1.tlog
C:\Users\User\ctp-auto-trading\Debug\mt.write.1.tlog
C:\Users\User\ctp-auto-trading\Debug\rc.command.1.tlog
C:\Users\User\ctp-auto-trading\Debug\rc.read.1.tlog
C:\Users\User\ctp-auto-trading\Debug\rc.write.1.tlog
C:\USERS\USER\CTP-AUTO-TRADING\DEBUG\UTILS.OBJ
C:\Users\User\ctp-auto-trading\Debug\vc100.idb
C:\USERS\USER\CTP-AUTO-TRADING\DEBUG\VC100.PDB
